<?xml version="1.0" encoding="UTF-8"?>
<coverage generated="1658238074307" clover="3.2.0">
  <project timestamp="1658238074307" name="All files">
    <metrics statements="23" coveredstatements="23" conditionals="10" coveredconditionals="7" methods="7" coveredmethods="7" elements="40" coveredelements="37" complexity="0" loc="23" ncloc="23" packages="2" files="2" classes="2"/>
    <package name="mock">
      <metrics statements="5" coveredstatements="5" conditionals="0" coveredconditionals="0" methods="0" coveredmethods="0"/>
      <file name="moviesSliceMock.js" path="/Users/karolinahabryn/Desktop/ReactJS Mentoring/03.NetflixRoulette/src/mock/moviesSliceMock.js">
        <metrics statements="5" coveredstatements="5" conditionals="0" coveredconditionals="0" methods="0" coveredmethods="0"/>
        <line num="1" count="1" type="stmt"/>
        <line num="3" count="1" type="stmt"/>
        <line num="187" count="1" type="stmt"/>
        <line num="227" count="1" type="stmt"/>
        <line num="242" count="1" type="stmt"/>
      </file>
    </package>
    <package name="store">
      <metrics statements="18" coveredstatements="18" conditionals="10" coveredconditionals="7" methods="7" coveredmethods="7"/>
      <file name="moviesSlice.js" path="/Users/karolinahabryn/Desktop/ReactJS Mentoring/03.NetflixRoulette/src/store/moviesSlice.js">
        <metrics statements="18" coveredstatements="18" conditionals="10" coveredconditionals="7" methods="7" coveredmethods="7"/>
        <line num="3" count="1" type="stmt"/>
        <line num="9" count="1" type="stmt"/>
        <line num="14" count="4" type="stmt"/>
        <line num="15" count="4" type="cond" truecount="1" falsecount="1"/>
        <line num="18" count="3" type="stmt"/>
        <line num="19" count="30" type="stmt"/>
        <line num="21" count="3" type="cond" truecount="1" falsecount="1"/>
        <line num="24" count="2" type="stmt"/>
        <line num="25" count="2" type="cond" truecount="1" falsecount="1"/>
        <line num="28" count="4" type="stmt"/>
        <line num="29" count="37" type="stmt"/>
        <line num="32" count="4" type="cond" truecount="2" falsecount="0"/>
        <line num="34" count="3" type="cond" truecount="2" falsecount="0"/>
        <line num="35" count="1" type="stmt"/>
        <line num="37" count="3" type="stmt"/>
        <line num="38" count="3" type="stmt"/>
        <line num="41" count="1" type="stmt"/>
        <line num="47" count="1" type="stmt"/>
      </file>
    </package>
  </project>
</coverage>
