{
  "/Users/karolinahabryn/Desktop/ReactJS Mentoring/03.NetflixRoulette/src/mock/moviesSliceMock.js": {
    "path": "/Users/karolinahabryn/Desktop/ReactJS Mentoring/03.NetflixRoulette/src/mock/moviesSliceMock.js",
    "statementMap": {
      "0": {
        "start": { "line": 1, "column": 32 },
        "end": { "line": 1, "column": 79 }
      },
      "1": {
        "start": { "line": 3, "column": 25 },
        "end": { "line": 185, "column": 3 }
      },
      "2": {
        "start": { "line": 187, "column": 36 },
        "end": { "line": 225, "column": 3 }
      },
      "3": {
        "start": { "line": 227, "column": 35 },
        "end": { "line": 240, "column": 3 }
      },
      "4": {
        "start": { "line": 242, "column": 28 },
        "end": { "line": 259, "column": 3 }
      }
    },
    "fnMap": {},
    "branchMap": {},
    "s": { "0": 1, "1": 1, "2": 1, "3": 1, "4": 1 },
    "f": {},
    "b": {},
    "_coverageSchema": "1a1c01bbd47fc00a2c39e90264f33305004495a9",
    "hash": "1aa2d7896eec1f61e3c5d10b18da066fcd522d45"
  },
  "/Users/karolinahabryn/Desktop/ReactJS Mentoring/03.NetflixRoulette/src/store/moviesSlice.js": {
    "path": "/Users/karolinahabryn/Desktop/ReactJS Mentoring/03.NetflixRoulette/src/store/moviesSlice.js",
    "statementMap": {
      "0": {
        "start": { "line": 3, "column": 21 },
        "end": { "line": 7, "column": 1 }
      },
      "1": {
        "start": { "line": 9, "column": 20 },
        "end": { "line": 44, "column": 2 }
      },
      "2": {
        "start": { "line": 14, "column": 6 },
        "end": { "line": 14, "column": 43 }
      },
      "3": {
        "start": { "line": 15, "column": 6 },
        "end": { "line": 15, "column": 66 }
      },
      "4": {
        "start": { "line": 18, "column": 6 },
        "end": { "line": 20, "column": 8 }
      },
      "5": {
        "start": { "line": 19, "column": 19 },
        "end": { "line": 19, "column": 49 }
      },
      "6": {
        "start": { "line": 21, "column": 6 },
        "end": { "line": 21, "column": 66 }
      },
      "7": {
        "start": { "line": 24, "column": 6 },
        "end": { "line": 24, "column": 49 }
      },
      "8": {
        "start": { "line": 25, "column": 6 },
        "end": { "line": 25, "column": 66 }
      },
      "9": {
        "start": { "line": 28, "column": 29 },
        "end": { "line": 30, "column": 7 }
      },
      "10": {
        "start": { "line": 29, "column": 19 },
        "end": { "line": 29, "column": 55 }
      },
      "11": {
        "start": { "line": 32, "column": 6 },
        "end": { "line": 32, "column": 38 }
      },
      "12": {
        "start": { "line": 32, "column": 31 },
        "end": { "line": 32, "column": 38 }
      },
      "13": {
        "start": { "line": 34, "column": 6 },
        "end": { "line": 36, "column": 7 }
      },
      "14": {
        "start": { "line": 35, "column": 8 },
        "end": { "line": 35, "column": 50 }
      },
      "15": {
        "start": { "line": 37, "column": 6 },
        "end": { "line": 37, "column": 47 }
      },
      "16": {
        "start": { "line": 38, "column": 6 },
        "end": { "line": 38, "column": 69 }
      },
      "17": {
        "start": { "line": 41, "column": 6 },
        "end": { "line": 41, "column": 48 }
      },
      "18": {
        "start": { "line": 47, "column": 29 },
        "end": { "line": 47, "column": 48 }
      }
    },
    "fnMap": {
      "0": {
        "name": "(anonymous_0)",
        "decl": {
          "start": { "line": 13, "column": 4 },
          "end": { "line": 13, "column": 5 }
        },
        "loc": {
          "start": { "line": 13, "column": 30 },
          "end": { "line": 16, "column": 5 }
        },
        "line": 13
      },
      "1": {
        "name": "(anonymous_1)",
        "decl": {
          "start": { "line": 17, "column": 4 },
          "end": { "line": 17, "column": 5 }
        },
        "loc": {
          "start": { "line": 17, "column": 31 },
          "end": { "line": 22, "column": 5 }
        },
        "line": 17
      },
      "2": {
        "name": "(anonymous_2)",
        "decl": {
          "start": { "line": 19, "column": 8 },
          "end": { "line": 19, "column": 9 }
        },
        "loc": {
          "start": { "line": 19, "column": 19 },
          "end": { "line": 19, "column": 49 }
        },
        "line": 19
      },
      "3": {
        "name": "(anonymous_3)",
        "decl": {
          "start": { "line": 23, "column": 4 },
          "end": { "line": 23, "column": 5 }
        },
        "loc": {
          "start": { "line": 23, "column": 28 },
          "end": { "line": 26, "column": 5 }
        },
        "line": 23
      },
      "4": {
        "name": "(anonymous_4)",
        "decl": {
          "start": { "line": 27, "column": 4 },
          "end": { "line": 27, "column": 5 }
        },
        "loc": {
          "start": { "line": 27, "column": 29 },
          "end": { "line": 39, "column": 5 }
        },
        "line": 27
      },
      "5": {
        "name": "(anonymous_5)",
        "decl": {
          "start": { "line": 29, "column": 8 },
          "end": { "line": 29, "column": 9 }
        },
        "loc": {
          "start": { "line": 29, "column": 19 },
          "end": { "line": 29, "column": 55 }
        },
        "line": 29
      },
      "6": {
        "name": "(anonymous_6)",
        "decl": {
          "start": { "line": 40, "column": 4 },
          "end": { "line": 40, "column": 5 }
        },
        "loc": {
          "start": { "line": 40, "column": 28 },
          "end": { "line": 42, "column": 5 }
        },
        "line": 40
      }
    },
    "branchMap": {
      "0": {
        "loc": {
          "start": { "line": 15, "column": 27 },
          "end": { "line": 15, "column": 65 }
        },
        "type": "cond-expr",
        "locations": [
          {
            "start": { "line": 15, "column": 42 },
            "end": { "line": 15, "column": 61 }
          },
          {
            "start": { "line": 15, "column": 64 },
            "end": { "line": 15, "column": 65 }
          }
        ],
        "line": 15
      },
      "1": {
        "loc": {
          "start": { "line": 21, "column": 27 },
          "end": { "line": 21, "column": 65 }
        },
        "type": "cond-expr",
        "locations": [
          {
            "start": { "line": 21, "column": 42 },
            "end": { "line": 21, "column": 61 }
          },
          {
            "start": { "line": 21, "column": 64 },
            "end": { "line": 21, "column": 65 }
          }
        ],
        "line": 21
      },
      "2": {
        "loc": {
          "start": { "line": 25, "column": 27 },
          "end": { "line": 25, "column": 65 }
        },
        "type": "cond-expr",
        "locations": [
          {
            "start": { "line": 25, "column": 42 },
            "end": { "line": 25, "column": 61 }
          },
          {
            "start": { "line": 25, "column": 64 },
            "end": { "line": 25, "column": 65 }
          }
        ],
        "line": 25
      },
      "3": {
        "loc": {
          "start": { "line": 32, "column": 6 },
          "end": { "line": 32, "column": 38 }
        },
        "type": "if",
        "locations": [
          {
            "start": { "line": 32, "column": 6 },
            "end": { "line": 32, "column": 38 }
          },
          { "start": {}, "end": {} }
        ],
        "line": 32
      },
      "4": {
        "loc": {
          "start": { "line": 34, "column": 6 },
          "end": { "line": 36, "column": 7 }
        },
        "type": "if",
        "locations": [
          {
            "start": { "line": 34, "column": 6 },
            "end": { "line": 36, "column": 7 }
          },
          { "start": {}, "end": {} }
        ],
        "line": 34
      }
    },
    "s": {
      "0": 1,
      "1": 1,
      "2": 4,
      "3": 4,
      "4": 3,
      "5": 30,
      "6": 3,
      "7": 2,
      "8": 2,
      "9": 4,
      "10": 37,
      "11": 4,
      "12": 1,
      "13": 3,
      "14": 1,
      "15": 3,
      "16": 3,
      "17": 1,
      "18": 1
    },
    "f": { "0": 4, "1": 3, "2": 30, "3": 2, "4": 4, "5": 37, "6": 1 },
    "b": { "0": [4, 0], "1": [3, 0], "2": [2, 0], "3": [1, 3], "4": [1, 2] },
    "_coverageSchema": "1a1c01bbd47fc00a2c39e90264f33305004495a9",
    "hash": "d0015c275dfc1d16e80c7eb6b68a23d665cd48dd"
  }
}
