TN:
SF:src/mock/moviesSliceMock.js
FNF:0
FNH:0
DA:1,1
DA:3,1
DA:187,1
DA:227,1
DA:242,1
LF:5
LH:5
BRF:0
BRH:0
end_of_record
TN:
SF:src/store/moviesSlice.js
FN:13,(anonymous_0)
FN:17,(anonymous_1)
FN:19,(anonymous_2)
FN:23,(anonymous_3)
FN:27,(anonymous_4)
FN:29,(anonymous_5)
FN:40,(anonymous_6)
FNF:7
FNH:7
FNDA:4,(anonymous_0)
FNDA:3,(anonymous_1)
FNDA:30,(anonymous_2)
FNDA:2,(anonymous_3)
FNDA:4,(anonymous_4)
FNDA:37,(anonymous_5)
FNDA:1,(anonymous_6)
DA:3,1
DA:9,1
DA:14,4
DA:15,4
DA:18,3
DA:19,30
DA:21,3
DA:24,2
DA:25,2
DA:28,4
DA:29,37
DA:32,4
DA:34,3
DA:35,1
DA:37,3
DA:38,3
DA:41,1
DA:47,1
LF:18
LH:18
BRDA:15,0,0,4
BRDA:15,0,1,0
BRDA:21,1,0,3
BRDA:21,1,1,0
BRDA:25,2,0,2
BRDA:25,2,1,0
BRDA:32,3,0,1
BRDA:32,3,1,3
BRDA:34,4,0,1
BRDA:34,4,1,2
BRF:10
BRH:7
end_of_record
